<?xml version="1.0" encoding="UTF-8"?>
<!-- Generated by org.testng.reporters.JUnitReportReporter -->
<testsuite hostname="DESKTOP-3ESOLN2" failures="0" tests="1" name="tests.TC002_RegisterUser" time="16.267" errors="0" timestamp="2025-07-09T22:16:40 IST" skipped="0">
  <testcase classname="tests.TC002_RegisterUser" name="doSignup" time="16.267"/>
</testsuite> <!-- tests.TC002_RegisterUser -->
