<?xml version="1.0" encoding="UTF-8"?>
<!-- Generated by org.testng.reporters.JUnitReportReporter -->
<testsuite hostname="DESKTOP-7KCG94D" failures="0" tests="1" name="tests.TC009_SearchProduct" time="22.541" errors="0" timestamp="2025-07-11T20:10:23 IST" skipped="0">
  <testcase classname="tests.TC009_SearchProduct" name="searchProduct" time="22.541"/>
</testsuite> <!-- tests.TC009_SearchProduct -->
