<?xml version="1.0" encoding="UTF-8"?>
<!-- Generated by org.testng.reporters.JUnitReportReporter -->
<testsuite hostname="DESKTOP-7KCG94D" failures="0" tests="1" name="tests.TC000_HomePage" time="6.417" errors="0" timestamp="2025-07-11T20:10:23 IST" skipped="0">
  <testcase classname="tests.TC000_HomePage" name="TC001_HomePage" time="6.417"/>
</testsuite> <!-- tests.TC000_HomePage -->
