<?xml version="1.0" encoding="UTF-8"?>
<!-- Generated by org.testng.reporters.JUnitReportReporter -->
<testsuite hostname="DESKTOP-3ESOLN2" failures="0" tests="1" name="tests.TC009_SearchProduct" time="82.376" errors="0" timestamp="2025-07-10T22:52:29 IST" skipped="0">
  <testcase classname="tests.TC009_SearchProduct" name="searchProduct" time="82.376"/>
</testsuite> <!-- tests.TC009_SearchProduct -->
