<?xml version="1.0" encoding="UTF-8"?>
<!-- Generated by org.testng.reporters.JUnitReportReporter -->
<testsuite hostname="DESKTOP-3ESOLN2" failures="0" tests="1" name="tests.TC008_Products" time="11.362" errors="0" timestamp="2025-07-10T16:48:15 IST" skipped="0">
  <testcase classname="tests.TC008_Products" name="productCheck" time="11.362"/>
</testsuite> <!-- tests.TC008_Products -->
