<?xml version="1.0" encoding="UTF-8"?>
<!-- Generated by org.testng.reporters.JUnitReportReporter -->
<testsuite hostname="DESKTOP-7KCG94D" failures="0" tests="1" name="tests.TC004_LogOutUser" time="13.412" errors="0" timestamp="2025-07-11T20:10:23 IST" skipped="0">
  <testcase classname="tests.TC004_LogOutUser" name="LogOut" time="13.412"/>
</testsuite> <!-- tests.TC004_LogOutUser -->
