<?xml version="1.0" encoding="UTF-8"?>
<!-- Generated by org.testng.reporters.JUnitReportReporter -->
<testsuite hostname="DESKTOP-3ESOLN2" failures="0" tests="1" name="tests.TC005_ContactUs" time="17.671" errors="0" timestamp="2025-07-10T11:13:05 IST" skipped="0">
  <testcase classname="tests.TC005_ContactUs" name="contactUs" time="17.671"/>
</testsuite> <!-- tests.TC005_ContactUs -->
